Release 14.6 - xst P.68d (nt64)
Copyright (c) 1995-2013 Xilinx, Inc.  All rights reserved.
--> Parameter TMPDIR set to xst/projnav.tmp


Total REAL time to Xst completion: 1.00 secs
Total CPU time to Xst completion: 0.07 secs
 
--> Parameter xsthdpdir set to xst


Total REAL time to Xst completion: 1.00 secs
Total CPU time to Xst completion: 0.07 secs
 
--> Reading design: Encoder.prj

TABLE OF CONTENTS
  1) Synthesis Options Summary
  2) HDL Compilation
  3) Design Hierarchy Analysis
  4) HDL Analysis
  5) HDL Synthesis
     5.1) HDL Synthesis Report
  6) Advanced HDL Synthesis
     6.1) Advanced HDL Synthesis Report
  7) Low Level Synthesis
  8) Partition Report
  9) Final Report
	9.1) Device utilization summary
	9.2) Partition Resource Summary
	9.3) TIMING REPORT


=========================================================================
*                      Synthesis Options Summary                        *
=========================================================================
---- Source Parameters
Input File Name                    : "Encoder.prj"
Input Format                       : mixed
Ignore Synthesis Constraint File   : NO

---- Target Parameters
Output File Name                   : "Encoder"
Output Format                      : NGC
Target Device                      : xc3s50-5-pq208

---- Source Options
Top Module Name                    : Encoder
Automatic FSM Extraction           : YES
FSM Encoding Algorithm             : Auto
Safe Implementation                : No
FSM Style                          : LUT
RAM Extraction                     : Yes
RAM Style                          : Auto
ROM Extraction                     : Yes
Mux Style                          : Auto
Decoder Extraction                 : YES
Priority Encoder Extraction        : Yes
Shift Register Extraction          : YES
Logical Shifter Extraction         : YES
XOR Collapsing                     : YES
ROM Style                          : Auto
Mux Extraction                     : Yes
Resource Sharing                   : YES
Asynchronous To Synchronous        : NO
Multiplier Style                   : Auto
Automatic Register Balancing       : No

---- Target Options
Add IO Buffers                     : YES
Global Maximum Fanout              : 100000
Add Generic Clock Buffer(BUFG)     : 8
Register Duplication               : YES
Slice Packing                      : YES
Optimize Instantiated Primitives   : NO
Use Clock Enable                   : Yes
Use Synchronous Set                : Yes
Use Synchronous Reset              : Yes
Pack IO Registers into IOBs        : Auto
Equivalent register Removal        : YES

---- General Options
Optimization Goal                  : Speed
Optimization Effort                : 1
Keep Hierarchy                     : No
Netlist Hierarchy                  : As_Optimized
RTL Output                         : Yes
Global Optimization                : AllClockNets
Read Cores                         : YES
Write Timing Constraints           : NO
Cross Clock Analysis               : NO
Hierarchy Separator                : /
Bus Delimiter                      : <>
Case Specifier                     : Maintain
Slice Utilization Ratio            : 100
BRAM Utilization Ratio             : 100
Verilog 2001                       : YES
Auto BRAM Packing                  : NO
Slice Utilization Ratio Delta      : 5

=========================================================================


=========================================================================
*                          HDL Compilation                              *
=========================================================================
Compiling vhdl file "C:/Users/abdue/Documents/GitHub/VHDL-LZW/Ram.vhd" in Library work.
Architecture behavioral of Entity ram is up to date.
Compiling vhdl file "C:/Users/abdue/Documents/GitHub/VHDL-LZW/HashMap.vhd" in Library work.
Architecture behavioral of Entity hashmap is up to date.
Compiling vhdl file "C:/Users/abdue/Documents/GitHub/VHDL-LZW/Encoder.vhd" in Library work.
Entity <encoder> compiled.
Entity <encoder> (Architecture <structural>) compiled.

=========================================================================
*                     Design Hierarchy Analysis                         *
=========================================================================
Analyzing hierarchy for entity <Encoder> in library <work> (architecture <structural>).

Analyzing hierarchy for entity <HashMap> in library <work> (architecture <behavioral>) with generics.
	bitSize = 9
	valueSize = 16

Analyzing hierarchy for entity <Ram> in library <work> (architecture <behavioral>) with generics.
	ramSize = 9
	wordLength = 16

Analyzing hierarchy for entity <Ram> in library <work> (architecture <behavioral>) with generics.
	ramSize = 9
	wordLength = 1


=========================================================================
*                            HDL Analysis                               *
=========================================================================
Analyzing Entity <Encoder> in library <work> (Architecture <structural>).
WARNING:Xst:751 - "C:/Users/abdue/Documents/GitHub/VHDL-LZW/Encoder.vhd" line 60: Bad association for formal port 'currentSize' of component 'HashMap'.
WARNING:Xst:819 - "C:/Users/abdue/Documents/GitHub/VHDL-LZW/Encoder.vhd" line 72: One or more signals are missing in the process sensitivity list. To enable synthesis of FPGA/CPLD hardware, XST will assume that all necessary signals are present in the sensitivity list. Please note that the result of the synthesis may differ from the initial design specification. The missing signals are:
   <clk>
WARNING:Xst:1610 - "C:/Users/abdue/Documents/GitHub/VHDL-LZW/Encoder.vhd" line 78: Width mismatch. <sBuffer> has a width of 128 bits but assigned expression is 138-bit wide.
WARNING:Xst:1610 - "C:/Users/abdue/Documents/GitHub/VHDL-LZW/Encoder.vhd" line 83: Width mismatch. <sBuffer> has a width of 128 bits but assigned expression is 138-bit wide.
ERROR:Xst:808 - "C:/Users/abdue/Documents/GitHub/VHDL-LZW/Encoder.vhd" line 85: Argument of 'to_integer' function must have size less than 32.
--> 

Total memory usage is 4492660 kilobytes

Number of errors   :    1 (   0 filtered)
Number of warnings :    4 (   0 filtered)
Number of infos    :    0 (   0 filtered)

